1641376039794	geckodriver	INFO	Listening on 127.0.0.1:49329
1641376044858	mozrunner::runner	INFO	Running command: "C:\\Program Files\\Mozilla Firefox\\firefox.exe" "--marionette" "--remote-debugging-port" "49330" "-no-remote" "-profile" "C:\\Users\\trung\\AppData\\Local\\Temp\\rust_mozprofileW79vfb"
1641376045208	Marionette	INFO	Marionette enabled
console.log: WebExtensions: reset-default-search: starting.
console.log: WebExtensions: reset-default-search: has already ran once and saw panel, exit.
DevTools listening on ws://localhost:49330/devtools/browser/7cf32b64-c63d-418f-b3af-a421f351949e
1641376046652	Marionette	INFO	Listening on port 49336
console.log: WebExtensions: reset-default-search: starting.
console.log: WebExtensions: reset-default-search: has already ran once and saw panel, exit.
1641376046912	RemoteAgent	WARN	TLS certificate errors will be ignored for this session
JavaScript warning: https://accounts.google.com/ServiceLogin?service=mail&passive=1209600&osid=1&continue=https://mail.google.com/mail/u/0/&followup=https://mail.google.com/mail/u/0/&emr=1 line 1 > eval line 1293 > eval line 1 > eval, line 1: WEBGL_debug_renderer_info is deprecated in Firefox and will be removed. Please use RENDERER.

###!!! [Child][MessageChannel] Error: (msgtype=0x590008,name=PHttpChannel::Msg_DeletingChannel) Channel closing: too late to send/recv, messages will be lost

1641376068558	Marionette	INFO	Stopped listening on port 49336
console.warn: TopSitesFeed: Failed to fetch data from Contile server: NetworkError when attempting to fetch resource.
JavaScript error: chrome://remote/content/marionette/cert.js, line 55: NS_ERROR_NOT_AVAILABLE: Component returned failure code: 0x80040111 (NS_ERROR_NOT_AVAILABLE) [nsICertOverrideService.setDisableAllSecurityChecksAndLetAttackersInterceptMyData]

###!!! [Parent][RunMessage] Error: Channel closing: too late to send/recv, messages will be lost

1641376093815	geckodriver	INFO	Listening on 127.0.0.1:49390
1641376096917	mozrunner::runner	INFO	Running command: "C:\\Program Files\\Mozilla Firefox\\firefox.exe" "--marionette" "--remote-debugging-port" "49391" "-no-remote" "-profile" "C:\\Users\\trung\\AppData\\Local\\Temp\\rust_mozprofilehhAGqK"
1641376097211	Marionette	INFO	Marionette enabled
console.warn: SearchSettings: "get: No settings file exists, new profile?" (new NotFoundError("Could not open the file at C:\\Users\\trung\\AppData\\Local\\Temp\\rust_mozprofilehhAGqK\\search.json.mozlz4", (void 0)))
DevTools listening on ws://localhost:49391/devtools/browser/21e77aa2-88e5-4421-b5c5-1cec6e6ca480
1641376099098	Marionette	INFO	Listening on port 49398
1641376099594	RemoteAgent	WARN	TLS certificate errors will be ignored for this session
JavaScript warning: https://accounts.google.com/ServiceLogin?service=mail&passive=1209600&osid=1&continue=https://mail.google.com/mail/u/0/&followup=https://mail.google.com/mail/u/0/&emr=1 line 1 > eval line 6316 > eval, line 1: WEBGL_debug_renderer_info is deprecated in Firefox and will be removed. Please use RENDERER.
1641376108852	Marionette	INFO	Stopped listening on port 49398
console.warn: TopSitesFeed: Failed to fetch data from Contile server: NetworkError when attempting to fetch resource.
JavaScript error: chrome://remote/content/marionette/cert.js, line 55: NS_ERROR_NOT_AVAILABLE: Component returned failure code: 0x80040111 (NS_ERROR_NOT_AVAILABLE) [nsICertOverrideService.setDisableAllSecurityChecksAndLetAttackersInterceptMyData]

###!!! [Parent][RunMessage] Error: Channel closing: too late to send/recv, messages will be lost

1641376886224	geckodriver	INFO	Listening on 127.0.0.1:53937
1641376891431	mozrunner::runner	INFO	Running command: "C:\\Program Files\\Mozilla Firefox\\firefox.exe" "--marionette" "--remote-debugging-port" "53938" "-no-remote" "-profile" "C:\\Users\\trung\\AppData\\Local\\Temp\\rust_mozprofilemY3O51"
1641376891863	Marionette	INFO	Marionette enabled
console.log: WebExtensions: reset-default-search: starting.
console.log: WebExtensions: reset-default-search: has already ran once and saw panel, exit.
DevTools listening on ws://localhost:53938/devtools/browser/034c60ee-ad4a-4617-83b2-3cbf22636528
1641376893529	Marionette	INFO	Listening on port 53958
1641376893629	RemoteAgent	WARN	TLS certificate errors will be ignored for this session
console.log: WebExtensions: reset-default-search: starting.
console.log: WebExtensions: reset-default-search: has already rJavaScript warning: https://acJavaScript warning: https://accounts.google.com/ServiceLogin?service=mail&passive=1209600&osid=1&continue=https://mail.google.com/mail/u/0/&followup=https://mail.google.com/mail/u/0/&emr=1 line 1 > eval line 5442 > eval, line 1: WEBGL_debug_renderer_info is deprecated in Firefox and will be removed. Please1641376920666	Marionette	INFO	Stopped listening on port 53949
console.warn: TopSitesFeed: Failed to fetch data from Contile server: NetworkError when attempting to fetch resource.
JavaScript error: chrome://remote/content/marionette/cert.js, line 55: NS_ERROR_NOT_AVAILABLE: Component returned failure code: 0x80040111 (NS_ERROR_NOT_AVAILABLE) [nsICertOverrideService.setDisableAllSecurityChecksAndLetAttackersInterceptMyData]

###!!! [Parent][RunMessage] Error: Channel closing: too late to send/recv, messages will be lost

will be lost

1641377018241	geckodriver	INFO	Listening on 127.0.0.1:54257
1641377023354	mozrunner::runner	INFO	Running command: "C:\\Program Files\\Mozilla Firefox\\firefox.exe" "--marionette" "--remote-debugging-port" "54258" "-no-remote" "-profile" "C:\\Users\\trung\\AppData\\Local\\Temp\\rust_mozprofilejTqOBv"
1641377023807	Marionette	INFO	Marionette enabled
console.log: WebExtensions: reset-default-search: starting.DevTools listening on ws://localhost:54262/devtools/browser/5d5fc516-f2db-456f-9aa9-3ac4f99f61DevTools listening on ws://localhost:54258/devtools/browser/3d8c03ab-5612-4fd0-8fc3-4e9667268dfc
1641377025687	Marionette	INFO	Listening on port 5JavaScript warning: https://www.google.com/js/bg/4Sfc45HFswufgCf8fQCX22Ys6cavju9jIH_-ShQytV0.js line 1 > eval line 3339 > eval line 1 > eval, line 1: WEBGL_debug_renderer_info is deprecated in Firefox and will be removed. Please use RENDERER.
1641377044815	Marionette	INFO	Stopped listening on port 54269
console.warn: TopSitesFeed: Failed to fetch data from Contile server: NetworkError when attempting to fetch resource.
JavaScript error: chrome://remote/content/marionette/cert.js, line 55: NS_ERROR_NOT_AVAILABLE: Component returned failure code: 0x80040111 (NS_ERROR_NOT_AVAILABLE) [nsICertOverrideService.setDisableAllSecurityChecksAndLetAttackersInterceptMyData]

###!!! [Parent][MessageChannel] Error: (msgtype=0x39007A,name=PContent::Msg_DestroyBrowsingContextGroup) Closed channel: cannot send/recv


###!!! [P1641377045334	Marionette	INFO	Stopped listening on port 54273
JavaScript error: chrome://remote/content/marionette/cert.js, line 55: NS_ERROR_NOT_AVAILABLE: Component returned failure code: 0x80040111 (NS_ERROR_NOT_AVAILABLE) [nsICertOverrideService.setDisableAllSecurityChecksAndLetAttackersInterceptMyData]
JavaScript error: https://mail.google.com/_/scs/mail-static/_/js/k=gmail.main.en.-jhTFG51hYg.es5.O/am=gKv8X8JHAAQcj24HfjYYCgcOwLA4EkAAhFhkrcQa3uAk-x9Ef0gA-rQYgwFwzAPQcQjGBwYAAAAAAAAAAAAAAAAAAAB2gRSD/d=1/im=1/dg=0/br=1/wt=1/rs=AHGWq9CM8ZJHBG-AAlllYePcGKJfx01tbQ/cb=loaded_0/m=b, line 941: NS_ERROR_NOT_INITIALIZED: 

###!!! [Parent][MessageChannel] Error: (msgtype=0x39007A,name=PContent::Msg_DestroyBrowsingContextGroup) Closed channel: cannot send/recv


###!!! [Child][RunMessage] Error: Channel closing: too late to send/recv, messages will be lost

1641377193531	geckodriver	INFO	Listening on 127.0.0.1:54419
1641377198806	mozrunner::runner	INFO	Running command: "C:\\Program Files\\Mozilla Firefox\\firefox.exe" "--marionette" "--remote-debugging-port" "54420" "-no-remote" "-profile" "C:\\Users\\trung\\AppData\\Local\\Temp\\rust_mozprofileIDpedl"
1641377199187	Marionette	INFO	Marionette enabled
console.log: WebExtensions: reset-default-search: starting.
console.log: WebExtensions: reset-default-search: has already ran once and saw panel, exit.
DevTools listening on ws://localhost:54420/devtools/browser/37534bea-5635-4b78-860c-dc26fd7a30af
1641377200727	Marionette	INFO	Listening on port 5JavaScript warning: https://www.google.com/js/bg/4Sfc45HFswufgCf8fQCX22Ys6cavju9jIH_-ShQytV0.js line 1 > eval line 6390 > eval, line 1: WEBGL_debug_renderer_info is deprecated in Firefox and will be removed. Please use RENDERER.
1641377215084	Marionette	INFO	Stopped listening on port 54430
console.warn: TopSitesFeed: Failed to fetch data from Contile server: NetworkError when attempting to fetch resource.

###!!! [Parent][MessageChannel] Error: (msgtype=0x39007A,name=PContent::Msg_DestroyBrowsingContextGroup) Closed channel: cannot send/recv


###!!! [Child][RunMessage] Error: Channel closing: too late to send/recv, messages will be lost

e.

###!!! [Parent][MessageChannel] Error: (msgtype=0x39007A,name=PContent::Msg_DestroyBrowsingContextGroup) Closed channel: cannot send/recv


###!!! [Child][RunMessage] Error: Channel closing: too late to send/recv, messages will be lost

1641377289622	geckodriver	INFO	Listening on 127.0.0.1:54586
1641377294674	mozrunner::runner	INFO	Running command: "C:\\P1641377296196	mozrunner::runner	INFO	Running command: "C:\\Program Files\\Mozilla Firefox\\firefox.exe" "--marionette" "--remote-debugging-port" "54592" "-no-remote" "-profile" "C:\\Users\\trung\\AppData\\Local\\Temp\\rust_mozprofilekBibEc"
1641377296549	Marionette	INFO	Marionette enabled
DevTools listening on ws://localhost:54592/devtools/browser/59757c94-f7cc-4f0d-86ce-f072923c0ffd
1641377298276	Marionette	INFO	Listening on port 54616
1641377298365	RemoteAgent	WARN	TLS certificate errors will be ignored for this session
JavaScript warning: https://pagead2.googlesyndication.com/bg/b_8rsBg2pSAE7OSEuXeXkmKAJRzK7XLbOE8Wp2RNR2Q.js line 1 > eval line 6029 > eval line 1 > eval, line 1: WEBGL_debug_renderer_info is deprecated in Firefox and will be removed. Please use RENDERER.
[Child 15468, MediaDecoderStateMachine #1] WARNING: 1a9be149740 Could not set cubeb stream name.: file /builds/worker/checkouts/gecko/dom/media/AudioStream.cpp:367
[Child 15468, MediaDecoderStateMachine #1] WARNING: 1a9ba55b580 Could not set cubeb stream name.: file /builds/worker/checkouts/gecko/dom/media/AudioStream.cpp:367
1641377329414	Marionette	INFO	Stopped listening on port 54616
console.warn: TopSitesFeed: Failed to fetch data from Contile server: NetworkError when attempting to fetch resource.

###!!! [Child][RunMessage] Error: Channel closing: too late to send/recv, messages will be lost


###!!! [Child][RunMessage] Error: Channel closing: too late to send/recv, messages will be lost


###!!! [Child][RunMessage] Error: Channel closing: too late to send/recv, m1641377333425	mozrunner::runner	INFO	Running command: "C:\\Program Files\\Mozilla Firefox\\firefox.exe" "--marionette" "--remote-debugging-port" "54749" "-no-remote" "-profile" "C:\\Users\\trung\\AppData\\Local\\Temp\\rust_mozprofile3pNFnY"
1641377333846	Marionette	INFO	Marionette enabled
console.log: WebExtensions: reset-default-search: starting.
console.log: WebExtensions: reset-default-search: has already ran once and saw panel, exit.
DevTools listening on ws://localhost:54749/devtools/browser/cf73f9be-678b-4100-a964-f507502df53d
1641377335654	Marionette	INFO	Listening on port 54762
console.log: WebExtensions: reset-default-search: starting.
console.log: WebExtensions: reset-default-search: has already ran once and saw panel, exit.
1641377337184	Marionette	INFO	Stopped listening on port 54762
console.warn: TopSitesFeed: Failed to fetch data from Contile server: NetworkError when attempting to fetch resource.
JavaScript error: resource://gre/modules/BackgroundPageThumbs.jsm, line 718: TypeError: captureCallback is not a function

###!!! [Parent][RunMessage] Error: Channel closing: too late to send/recv, messages will be lost


###!!! [Child][RunMessage] Error: Channel closing: too late to send/recv, messages will be lost

1641377339018	geckodriver	INFO	Listening on 127.0.0.1:54794
1641377344042	mozrunner::runner	INFO	Running command: "C:\\P1641377345578	mozrunner::runner	INFO	Running command: "C:\\Program Files\\Mozilla Firefox\\firefox.exe" "--marionette" "--remote-debugging-port" "54800" "-no-remote" "-profile" "C:\\Users\\trung\\AppData\\Local\\Temp\\rust_mozprofileIczFfT"
1641377345926	Marionette	INFO	Marionette enabled
DevTools listening on ws://localhost:54800/devtools/browser/d47978c6-be09-45b4-97a1-672a53f2ecd3
1641377347823	Marionette	INFO	Listening on port 54824
1641377348221	RemoteAgent	WARN	TLS certificate errors will be ignored for this session
JavaScript warning: https://pagead2.googlesyndication.com/bg/b_8rsBg2pSAE7OSEuXeXkmKAJRzK7XLbOE8Wp2RNR2Q.js line 1 > eval line 4714 > eval line 1 > eval, line 1: WEBGL_debug_renderer_info is deprecated in Firefox and will be removed. Please use RENDERER.
[Child 15024, MediaDecoderStateMachine #1] WARNING: 29d4a6d2580 Could not set cubeb stream name.: file /builds/worker/checkouts/gecko/dom/media/AudioStream.cpp:367
[Child 15024, MediaDecoderStateMachine #1] WARNING: 29d497abc80 Could not set cubeb stream name.: file /builds/worker/checkouts/gecko/dom/media/AudioStream.cpp:367
[Child 15024, MediaDecoderStateMachine #1] WARNING: 29d535542e0 Could not set cubeb stream name.: file /builds/worker/checkouts/gecko/dom/media/AudioStream.cpp:367
[Child 15024, MediaDecoderStateMachine #1] WARNING: 29d57f744a0 Could not set cubeb stream name.: file /builds/worker/checkouts/gecko/dom/media/AudioStream.cpp:367
JavaScript warning: https://pagead2.googlesyndication.com/bg/b_8rsBg2pSAE7OSEuXeXkmKAJRzK7XLbOE8Wp2RNR2Q.js line 1 > eval line 1712 > eval, line 1: WEBGL_debug_renderer_info is deprecated in Firefox and will be removed. Please use RENDERER.
1641377526753	Marionette	INFO	Stopped listening on port 54824
JavaScript error: chrome://remote/content/marionette/cert.js, line 55: NS_ERROR_NOT_AVAILABLE: Component returned failure code: 0x80040111 (NS_ERROR_NOT_AVAILABLE) [nsICertOverrideService.setDisableAllSecurityChecksAndLetAttackersInterceptMyData]

###!!! [Parent][RunMessage] Error: Channel closing: too late to send/recv, messages will be lost

0111 (NS_ERROR_NOT_AVAILABLE) [nsICertOverrideService.setDisableAllSecurityChecksAndLetAttackersInterceptMyData]

###!!! [Parent][RunMessage] Error: Channel closing: too late to send/recv, messages will be lost


###!!! [Child][RunMessage] Error: Channel closing: too late to send/recv, messages will be lost

1641377604583	geckodriver	INFO	Listening on 127.0.0.1:54964
1641377609647	mozrunner::runner	INFO	Running command: "C:\\P1641377611151	mozrunner::runner	INFO	Running command: "C:\\Program Files\\Mozilla Firefox\\firefox.exe" "--marionette" "--remote-debugging-port" "54971" "-no-remote" "-profile" "C:\\Users\\trung\\AppData\\Local\\Temp\\rust_mozprofileu9Y7bA"
1641377611533	Marionette	INFO	Marionette enabled
DevTools listening on ws://localhost:54971/devtools/browser/474da487-8c31-4c8a-83f9-a3c243ddc0ad
1641377612968	Marionette	INFO	Listening on port 54993
1641377613212	RemoteAgent	WARN	TLS certificate errors will be ignored for this session
[Child 18188, MediaDecoderStateMachine #1] WARNING: 240e9588580 Could not set cubeb stream name.: file /builds/worker/checkouts/gecko/dom/media/AudioStream.cpp:367
[Child 18188, MediaDecoderStateMachine #1] WARNING: 240ef455c80 Could not set cubeb stream name.: file /builds/worker/checkouts/gecko/dom/media/AudioStream.cpp:367
[Child 18188, MediaDecoderStateMachine #1] WARNING: 240e7097660 Could not set cubeb[Child 10752, MediaDecoderStateMachine #1] WARNING: 25b07f9c900 Could not set cubeb stream name.: file /builds/worker/checkouts/gecko/dom/media/AudioStream.cpp:367
JavaScript warning: https://pagead2.googlesyndication.com/bg/b_8rsBg2pSAE7OSEuXeXkmKAJRzK7XLbOE8Wp2RNR2Q.js line 1 > eval line 4625 > eval line 1 > eval, line 1: WEBGL_debugconsole.log: WebExtensions: reset-default-search: starting.
console.log: WebExtensions: reset-default-search: No addons in our list are installed.
1641378124675	Marionette	INFO	Stopped listening on port 54993

###!!! [Child][RunMessage] Error: JavaScript error: resource://gre/modules/AsyncShutdown.jsm, line 575: NotFoundError: No such JSWindowActor 'DevToolsFrame'
JavaScript error: resource://gre/modules/AsyncShutdown.jsm, line 575: NotFoundError: No such JSWindowActor 'DevToolsFrame'
1641378125099	Marionette	INFO	Stopped listening on port 54976

###!!! [Parent][RunMessage] Error: Channel closing: too late to send/recv, messages will be lost


###!!! [Child][RunMessage] Error: Channel closing: too late to send/recv, messages will be lost

1641378130337	geckodriver	INFO	Listening on 127.0.0.1:55279
1641378135623	mozrunner::runner	INFO	Running command: "C:\\P1641378136875	mozrunner::runner	INFO	Running command: "C:\\Program Files\\Mozilla Firefox\\firefox.exe" "--marionette" "--remote-debugging-port" "55287" "-no-remote" "-profile" "C:\\Users\\trung\\AppData\\Local\\Temp\\rust_mozproficonsole.lo1641378137242	Marionette	INFO	Marionette enabled
DevTools listening on ws://localhost:55287/devtools/browser/cba5600e-73fe-47d8-8688-52707351f434
1641378138891	Marionette	INFO	Listening on port 55300
1641378138936	RemoteAgent	WARN	TLS certificate errors will be ignored for this session
JavaScript warning: https://pagead2.googlesyndication.com/bg/b_8rsBg2pSAE7OSEuXeXkmKAJRzK7XLbOE8Wp2RNR2Q.js line 1 > eval line 5584 > eval, line 1: WEBGL_debug_renderer_info is deprecated in Firefox and will be removed. Please use RENDERER.
[Child 11056, MediaDecoderStateMachine #1] WARNING: 16e56e8d660 Could not set cubeb stream name.: file /builds/worker/checkouts/gecko/dom/media/AudioStream.cpp:367
[Child 11056, MediaDecoderStateMachine #1] WARNING: 16e56e8d120 Could not set cubeb stream name.: file /builds/worker/checkouts/gecko/dom/media/AudioStream.cpp:367
JavaScript warning: https://pagead2.googlesyndication.com/bg/b_8rsBg2pSAE7OSEuXeXkmKAJRzK7XLbOE8Wp2RNR2Q.js line 1 > eval line 7030 > eval line 1 > eval, line 1: WEBGL_debug_renderer_info is deprecated in Firefox and will be removed. Please use RENDERER.
[Chi[Child 2432, MediaDecoderStateMachine #1] WARNING: 221f9662660 Could not set cubeb stream name.: file /builds/worker/checkouts/gecko/dom/media/AudioStream.cpp:361641378297543	Marionette	INFO	Stopped listening on port 55300
console.warn: TopSitesFeed: Failed to fetch data from Contile server: NetworkError when attempting to fetch resource.
JavaScript error: chrome://remote/content/marionette/cert.js, line 55: NS_ERROR_NOT_AVAILABLE: Component returned failure code: 0x80040111 (NS_ERROR_NOT_AVAILABLE) [nsICertOverrideService.setDisableAllSecurityChecksAndLetAttackersInterceptMy1641378299452	Marionette	INFO	Stopped listening on port 55293
console.warn: TopSitesFeed: Failed to fetch data from Contile server: NetworkError when attempting to fetch resource.
JavaScript error: chrome://remote/content/marionette/cert.js, line 55: NS_ERROR_NOT_AVAILABLE: Component returned failure code: 0x80040111 (NS_ERROR_NOT_AVAILABLE) [nsICertOverrideService.setDisableAllSecurityChecksAndLetAttackersInterceptMyData]

###!!! [Parent][RunMessage] Error: Channel closing: too late to send/recv, messages will be lost


###!!! [Child][RunMessage] Error: Channel closing: too late to send/recv, messages will be lost

1641394187665	geckodriver	INFO	Listening on 127.0.0.1:58965
1641394192839	mozrunner::runner	INFO	Running command: "C:\\P1641394194241	mozrunner::runner	INFO	Running command: "C:\\Program Files\\Mozilla Firefox\\firefox.exe" "--marionette" "--remote-debugging-port" "58971" "-no-remote" "-profile" "C:\\Users\\trung\\AppData\\Local\\Temp\\rust_mozproficonsole.lo1641394194562	Marionette	INFO	Marionette enabled
DevTools listening on ws://localhost:58971/devtools/browser/c8ab3a47-1a79-41a1-a89b-0077d1212cac
1641394196156	Marionette	INFO	Listening on port 58983
1641394196299	RemoteAgent	WARN	TLS certificate errors will be ignored for this session
JavaScript warning: https://pagead2.googlesyndication.com/bg/b_8rsBg2pSAE7OSEuXeXkmKAJRzK7XLbOE8Wp2RNR2Q.js line 1 > eval line 5112 > eval line 1 > eval, line 1: WEBGL_debug_renderer_info is deprecated in Firefox and will be removed. Please use RENDERER.
[Child 11612, MediaDecoderStateMachine #1] WARNING: 205c2669120 Could not set cubeb stream name.: file /builds/worker/checkouts/gecko/dom/media/AudioStream.cpp:367
[Child 11612, MediaDecoderStateMachine #1] WARNING: 205cb50bac0 Could not set cubeb stream name.: file /builds/worker/checkouts/gecko/dom/media/AudioStream.cpp:367
1641394373826	Marionette	INFO	Stopped listening on port 58983
[Parent 17736, IPC I/O Parent] WARNING: file /builds/worker/checkouts/gecko/ipc/chromium/src/base/process_util_win.cc:167

###!!! [Parent][RunMessage] Error: Channel closing: too late to send/recv, messages will be lost

esyndication.com/bg/b_8rsBg2pSAE7OSEuXeXkmKAJRzK7XLbOE8Wp2RNR2Q.js line 1 > eval line 2468 > eval line 1 > eval, line 1: WEBGL_debug_renderer_info is deprecated in Firefox and will be removed. Please use RENDERER.
[Child 16928, MediaDecoderStateMachine #1] WARNING: 16be1e5eba0 Could not set cubeb stream name.: file /builds/worker/checkouts/gecko/dom/media/AudioStream.cpp:367
1641394345790	Marionette	INFO	Stopped listening on port 58978
JavaScript error: chrome://remote/content/marionette/cert.js, line 55: NS_ERROR_NOT_AVAILABLE: Component returned failure code: 0x80040111 (NS_ERROR_NOT_AVAILABLE) [nsICertOverrideService.setDisableAllSecurityChecksAndLetAttackersInterceptMyData]

###!!! [Parent][RunMessage] Error: Channel closing: too late to send/recv, messages will be lost


###!!! [Child][RunMessage] Error: Channel closing: too late to send/recv, messages will be lost

1641394375869	geckodriver	INFO	Listening on 127.0.0.1:59156
1641394441633	geckodriver	INFO	Listening on 127.0.0.1:59176
1641394446594	mozrunner::runner	INFO	Running command: "C:\\P1641394448147	mozrunner::runner	INFO	Running command: "C:\\Program Files\\Mozilla Firefox\\firefox.exe" "--marionette" "--remote-debugging-port" "59182" "-no-remote" "-profile" "C:\\Users\\trung\\AppData\\Local\\Temp\\rust_mozprofileHl29St"
1641394448486	Marionette	INFO	Marionette enabled
DevTools listening on ws://localhost:59182/devtools/browser/e8f890f2-e8f4-413e-9075-becf0aea8e8c
1641394450267	Marionette	INFO	Listening on port 59203
1641394450314	RemoteAgent	WARN	TLS certificate errors will be ignored for this session
[Child 1472, MediaDecoderStateMachine #1] WARNING: 1ea862fc3c0 Could not set cubeb stream name.: file /builds/worker/checkouts/gecko/dom/media/AudioStream.cpp:367
1641394515941	Marionette	INFO	Stopped listening on port 59203
console.warn: TopSitesFeed: Failed to fetch data from Contile server: NetworkError when attempting to fetch resource.
ile /builds/worker/checkouts/gecko/dom/media/AudioStream.cpp:367
1641394517022	Marionette	INFO	Stopped listening on port 59188
console.warn: TopSitesFeed: Failed to fetch data from Contile server: NetworkError when attempting to fetch resource.

###!!! [Parent][RunMessage] Error: Channel closing: too late to send/recv, messages will be lost


###!!! [Child][RunMessage] Error: Channel closing: too late to send/recv, messages will be lost

1641783728282	geckodriver	INFO	Listening on 127.0.0.1:51189
1641783733403	mozrunner::runner	INFO	Running command: "C:\\P1641783734813	mozrunner::runner	INFO	Running command: "C:\\Program Files\\Mozilla Firefox\\firefox.exe" "--marionette" "--remote-debugging-port" "51196" "-no-remote" "-profile" "C:\\Users\\trung\\AppData\\Local\\Temp\\rust_mozprofilePoCu7J"
1641783735236	Marionette	INFO	Marionette enabled
DevTools listening on ws://localhost:51196/devtools/browser/8a96fc76-468b-461d-8261-03abe5a41c4a
1641783737031	Marionette	INFO	Listening on port 51210
1641783737469	RemoteAgent	WARN	TLS certificate errors will be ignored for this session
[Child 17544, MediaDecoderStateMachine #1] WARNING: 16dab014580 Could not set cubeb stream name.: file /builds/worker/checkouts/gecko/dom/media/AudioStream.cpp:367
1641783754417	Marionette	INFO	Stopped listening on port 51210
console.warn: TopSitesFeed: Failed to fetch data from Contile server: NetworkError when attempting to fetch resource.
JavaScript error: chrome://remote/content/marionette/cert.js, line1641783755075	Marionette	INFO	Stopped listening on port 51202
console.warn: TopSitesFeed: Failed to fetch data from Contile server: NetworkError when attempting to fetch resource.
JavaScript error: chrome://remote/content/marionette/cert.js, line 55: NS_ERROR_NOT_AVAILABLE: Component returned failure code: 0x80040111 (NS_ERROR_NOT_AVAILABLE) [nsICertOverrideService.setDisableAllSecurityChecksAndLetAttackersInterceptMyData]

###!!! [Parent][RunMessage] Error: Channel closing: too late to send/recv, messages will be lost


###!!! [Child][RunMessage] Error: Channel closing: too late to send/recv, messages will be lost

[Parent 1652, IPC I/O Parent] WARNING: file /builds/worker/checkouts/gecko/ipc/chromium/src/base/process_util_win.cc:167
1641783763210	geckodriver	INFO	Listening on 127.0.0.1:51374
1641783768352	mozrunner::runner	INFO	Running command: "C:\\P1641783769887	mozrunner::runner	INFO	Running command: "C:\\Program Files\\Mozilla Firefox\\firefox.exe" "--marionette" "--remote-debugging-port" "51381" "-no-remote" "-profile" "C:\\Users\\trung\\AppData\\Local\\Temp\\rust_mozprofileNJ8mpL"
1641783770235	Marionette	INFO	Marionette enabled
DevTools listening on ws://localhost:51381/devtools/browser/b35a1b2d-f69a-47cd-8330-0b274239b367
1641783772012	Marionette	INFO	Listening on port 51407
1641783772058	RemoteAgent	WARN	TLS certificate errors will be ignored for this session
[Child 2072, MediaDecoderStateMachine #1] WARNING: 24adc6e6660 Could not set cubeb stream name.: file /builds/worker/checkouts/gecko/dom/media/AudioStream.cpp:367
1641783795508	Marionette	INFO	Stopped listening on port 51407
console.warn: TopSitesFeed: Failed to fetch data from Contile server: NetworkError when attempting to fetch resource.
JavaScript error: chrome://remote/content/marionette/cert.js, line 1641783796225	Marionette	INFO	Stopped listening on port 51387
console.warn: TopSitesFeed: Failed to fetch data from Contile server: NetworkError when attempting to fetch resource.
JavaScript error: chrome://remote/content/marionette/cert.js, line 55: NS_ERROR_NOT_AVAILABLE: Component returned failure code: 0x80040111 (NS_ERROR_NOT_AVAILABLE) [nsICertOverrideService.setDisableAllSecurityChecksAndLetAttackersInterceptMyData]

###!!! [Parent][RunMessage] Error: Channel closing: too late to send/recv, messages will be lost

